1726287618560:login 11 11
1726287625798:login 1 1
1726325693477:login 111 11
1726325696468:login 1 1
1726325699055:login 2 2
1726325704427:exit
1726325928250:login 1 1
1726325930947:login 1
1726325935692:login 1 2
1726325951385:login 3 3
1726326092838:login 1 1
1726326438240:sector
1726327065170:login 1 1
1726327075508:coty
1726327076868:city
1726327085034:currentUser
1726327088131:cities
1726327095013:sector
1726327109484:chcp 65001
1726327524651:sector 동두천시
1726424760095:login 11 11
1726424763152:login 1 1
1726424770973:logout
1726424777801:current-user
1726424786999:city
1726424799039:sector 동두천시
1726424816049:price 동두천시 가정용
1726424839659:bill-total 동두천시 가정용 10
1726424866761:eixt
1726424868352:exit
1726425031015:login 11 11
1726425033126:login 1 1
1726425552169:login 11 11
1726425554637:login 1 1
1726426008196:curren-user
1726426012375:current-user
1726426015576:city
1726426032814:sector 동두천시
1726426055249:price 동두천시 가정용
1726426075804:bill-total 동두천시 가정용 10
1726426362878:sector List<String> sectors = getTariffData().stream()
1726426387231:sector 동두천시
1726426453508:login 1 1
1726426468392:sector 동두천시
1726426493740:login 1 1
1726426496749:sector 동두천시
1726426503927:city
1726426517466:price 동두천시 가정용
1726426618870:prpriv
1726426629260:price 동두천시 가정용
1726426643336:current-user
1726426658355:bill-total 동두천시 가정용 10
1726427065894:bill total 동두천시 가정용 10
1726427073929:bill-total 동두천시 가정용 10
1726427707171:login 1 1
